  [1m[35m (836.5ms)[0m  [1m[35mCREATE DATABASE "ninety_nine_cats_development" ENCODING = 'unicode'[0m
  [1m[35m (920.0ms)[0m  [1m[35mCREATE DATABASE "ninety_nine_cats_test" ENCODING = 'unicode'[0m
Started GET "/cats" for ::1 at 2019-08-28 17:54:15 -0400

ActiveRecord::PendingMigrationError - Migrations are pending. To resolve this issue, run:

        rails db:migrate RAILS_ENV=development

:

  [1m[35m (106.5ms)[0m  [1m[35mCREATE TABLE "schema_migrations" ("version" character varying NOT NULL PRIMARY KEY)[0m
  [1m[35m (168.4ms)[0m  [1m[35mCREATE TABLE "ar_internal_metadata" ("key" character varying NOT NULL PRIMARY KEY, "value" character varying, "created_at" timestamp(6) NOT NULL, "updated_at" timestamp(6) NOT NULL)[0m
  [1m[35m (0.5ms)[0m  [1m[34mSELECT pg_try_advisory_lock(723150122408807205)[0m
  [1m[35m (1.3ms)[0m  [1m[34mSELECT "schema_migrations"."version" FROM "schema_migrations" ORDER BY "schema_migrations"."version" ASC[0m
Migrating to CreateCats (20190828202930)
  [1m[35m (0.3ms)[0m  [1m[35mBEGIN[0m
  [1m[35m (200.8ms)[0m  [1m[35mCREATE TABLE "cats" ("id" bigserial primary key, "birth_date" date NOT NULL, "color" character varying NOT NULL, "name" character varying NOT NULL, "sex" character varying(1) NOT NULL, "description" text NOT NULL, "created_at" timestamp(6) NOT NULL, "updated_at" timestamp(6) NOT NULL)[0m
  [1m[35m (70.5ms)[0m  [1m[35mCREATE  INDEX  "index_cats_on_name" ON "cats"  ("name")[0m
  [1m[36mprimary::SchemaMigration Create (2.9ms)[0m  [1m[32mINSERT INTO "schema_migrations" ("version") VALUES ($1) RETURNING "version"[0m  [["version", "20190828202930"]]
  [1m[35m (49.6ms)[0m  [1m[35mCOMMIT[0m
  [1m[36mActiveRecord::InternalMetadata Load (1.0ms)[0m  [1m[34mSELECT "ar_internal_metadata".* FROM "ar_internal_metadata" WHERE "ar_internal_metadata"."key" = $1 LIMIT $2[0m  [["key", "environment"], ["LIMIT", 1]]
  [1m[35m (0.4ms)[0m  [1m[35mBEGIN[0m
  [1m[36mActiveRecord::InternalMetadata Create (1.3ms)[0m  [1m[32mINSERT INTO "ar_internal_metadata" ("key", "value", "created_at", "updated_at") VALUES ($1, $2, $3, $4) RETURNING "key"[0m  [["key", "environment"], ["value", "development"], ["created_at", "2019-08-28 21:58:10.694050"], ["updated_at", "2019-08-28 21:58:10.694050"]]
  [1m[35m (40.2ms)[0m  [1m[35mCOMMIT[0m
  [1m[35m (0.8ms)[0m  [1m[34mSELECT pg_advisory_unlock(723150122408807205)[0m
  [1m[35m (1.7ms)[0m  [1m[34mSELECT "schema_migrations"."version" FROM "schema_migrations" ORDER BY "schema_migrations"."version" ASC[0m
Started GET "/cats" for ::1 at 2019-08-28 17:59:24 -0400
  [1m[35m (1.5ms)[0m  [1m[34mSELECT "schema_migrations"."version" FROM "schema_migrations" ORDER BY "schema_migrations"."version" ASC[0m
Processing by CatsController#index as */*
  Rendering cats/index.html.erb within layouts/application
  [1m[36mCat Load (2.0ms)[0m  [1m[34mSELECT "cats".* FROM "cats"[0m
  ↳ app/views/cats/index.html.erb:3
  Rendered cats/index.html.erb within layouts/application (Duration: 16.5ms | Allocations: 1748)
Completed 500 Internal Server Error in 927ms (ActiveRecord: 6.8ms | Allocations: 372682)



NoMethodError - undefined method `javascript_pack_tag' for #<#<Class:0x00007f38b94c9728>:0x00007f38b810fde0>
Did you mean?  javascript_path
               javascript_tag:
  app/views/layouts/application.html.erb:9
  app/controllers/cats_controller.rb:5:in `index'

Started GET "/cats" for ::1 at 2019-08-28 18:00:22 -0400
Processing by CatsController#index as */*
  Rendering cats/index.html.erb within layouts/application
  [1m[36mCat Load (3.6ms)[0m  [1m[34mSELECT "cats".* FROM "cats"[0m
  ↳ app/views/cats/index.html.erb:3
  Rendered cats/index.html.erb within layouts/application (Duration: 7.7ms | Allocations: 785)
Completed 200 OK in 23ms (Views: 18.2ms | ActiveRecord: 3.6ms | Allocations: 3788)


Started GET "/cats/1" for ::1 at 2019-08-28 18:17:58 -0400
Processing by CatsController#show as */*
  Parameters: {"id"=>"1"}
  [1m[36mCat Load (1.1ms)[0m  [1m[34mSELECT "cats".* FROM "cats" WHERE "cats"."id" = $1 LIMIT $2[0m  [["id", 1], ["LIMIT", 1]]
  ↳ app/controllers/cats_controller.rb:9:in `show'
Redirected to http://localhost:3000/cats
Completed 302 Found in 23ms (ActiveRecord: 4.7ms | Allocations: 2777)


Started GET "/cats" for ::1 at 2019-08-28 18:17:58 -0400
Processing by CatsController#index as */*
  Rendering cats/index.html.erb within layouts/application
  [1m[36mCat Load (0.7ms)[0m  [1m[34mSELECT "cats".* FROM "cats"[0m
  ↳ app/views/cats/index.html.erb:3
  Rendered cats/index.html.erb within layouts/application (Duration: 4.8ms | Allocations: 773)
Completed 200 OK in 31ms (Views: 28.4ms | ActiveRecord: 0.7ms | Allocations: 3835)


  [1m[35m (0.3ms)[0m  [1m[35mBEGIN[0m
  [1m[36mCat Create (2.0ms)[0m  [1m[32mINSERT INTO "cats" ("birth_date", "color", "name", "sex", "description", "created_at", "updated_at") VALUES ($1, $2, $3, $4, $5, $6, $7) RETURNING "id"[0m  [["birth_date", "2019-08-28"], ["color", "black"], ["name", "Help"], ["sex", "M"], ["description", "My helpful kitten!"], ["created_at", "2019-08-28 22:20:30.308259"], ["updated_at", "2019-08-28 22:20:30.308259"]]
  [1m[35m (31.9ms)[0m  [1m[35mCOMMIT[0m
Started GET "/cats/" for ::1 at 2019-08-28 18:20:47 -0400
Processing by CatsController#index as */*
  Rendering cats/index.html.erb within layouts/application
  [1m[36mCat Load (4.8ms)[0m  [1m[34mSELECT "cats".* FROM "cats"[0m
  ↳ app/views/cats/index.html.erb:3
  Rendered cats/index.html.erb within layouts/application (Duration: 43.6ms | Allocations: 5974)
Completed 200 OK in 58ms (Views: 42.7ms | ActiveRecord: 12.2ms | Allocations: 8088)


Started GET "/cats/1" for ::1 at 2019-08-28 18:21:41 -0400
Processing by CatsController#show as */*
  Parameters: {"id"=>"1"}
  [1m[36mCat Load (4.9ms)[0m  [1m[34mSELECT "cats".* FROM "cats" WHERE "cats"."id" = $1 LIMIT $2[0m  [["id", 1], ["LIMIT", 1]]
  ↳ app/controllers/cats_controller.rb:9:in `show'
  Rendering cats/show.html.erb within layouts/application
  Rendered cats/show.html.erb within layouts/application (Duration: 1.9ms | Allocations: 350)
Completed 200 OK in 30ms (Views: 19.5ms | ActiveRecord: 4.9ms | Allocations: 3200)


Started GET "/cats/1" for ::1 at 2019-08-28 18:23:27 -0400
Processing by CatsController#show as */*
  Parameters: {"id"=>"1"}
  [1m[36mCat Load (0.7ms)[0m  [1m[34mSELECT "cats".* FROM "cats" WHERE "cats"."id" = $1 LIMIT $2[0m  [["id", 1], ["LIMIT", 1]]
  ↳ app/controllers/cats_controller.rb:9:in `show'
  Rendering cats/show.html.erb within layouts/application
  Rendered cats/show.html.erb within layouts/application (Duration: 2.4ms | Allocations: 244)
Completed 200 OK in 33ms (Views: 23.1ms | ActiveRecord: 0.7ms | Allocations: 3855)


Started GET "/cats/1" for ::1 at 2019-08-28 18:26:09 -0400
Processing by CatsController#show as */*
  Parameters: {"id"=>"1"}
  [1m[36mCat Load (0.9ms)[0m  [1m[34mSELECT "cats".* FROM "cats" WHERE "cats"."id" = $1 LIMIT $2[0m  [["id", 1], ["LIMIT", 1]]
  ↳ app/controllers/cats_controller.rb:9:in `show'
  Rendering cats/show.html.erb within layouts/application
  Rendered cats/show.html.erb within layouts/application (Duration: 1.5ms | Allocations: 290)
Completed 200 OK in 21ms (Views: 16.1ms | ActiveRecord: 0.9ms | Allocations: 3908)


Started GET "/cats/1" for ::1 at 2019-08-28 18:27:03 -0400
Processing by CatsController#show as */*
  Parameters: {"id"=>"1"}
  [1m[36mCat Load (1.9ms)[0m  [1m[34mSELECT "cats".* FROM "cats" WHERE "cats"."id" = $1 LIMIT $2[0m  [["id", 1], ["LIMIT", 1]]
  ↳ app/controllers/cats_controller.rb:9:in `show'
  Rendering cats/show.html.erb within layouts/application
  Rendered cats/show.html.erb within layouts/application (Duration: 3.1ms | Allocations: 269)
Completed 200 OK in 29ms (Views: 22.5ms | ActiveRecord: 1.9ms | Allocations: 3881)


Started GET "/cats/1" for ::1 at 2019-08-28 18:28:24 -0400
Processing by CatsController#show as */*
  Parameters: {"id"=>"1"}
  [1m[36mCat Load (0.8ms)[0m  [1m[34mSELECT "cats".* FROM "cats" WHERE "cats"."id" = $1 LIMIT $2[0m  [["id", 1], ["LIMIT", 1]]
  ↳ app/controllers/cats_controller.rb:9:in `show'
  Rendering cats/show.html.erb within layouts/application
  Rendered cats/show.html.erb within layouts/application (Duration: 6.8ms | Allocations: 2466)
Completed 500 Internal Server Error in 19ms (ActiveRecord: 0.8ms | Allocations: 4256)



TypeError - no implicit conversion of Date into String:
  app/models/cat.rb:7:in `age'
  app/views/cats/show.html.erb:14
  app/controllers/cats_controller.rb:11:in `show'

Started GET "/cats/1" for ::1 at 2019-08-28 18:55:38 -0400
  [1m[35m (2.8ms)[0m  [1m[34mSELECT "schema_migrations"."version" FROM "schema_migrations" ORDER BY "schema_migrations"."version" ASC[0m
Processing by CatsController#show as */*
  Parameters: {"id"=>"1"}
  [1m[36mCat Load (1.1ms)[0m  [1m[34mSELECT "cats".* FROM "cats" WHERE "cats"."id" = $1 LIMIT $2[0m  [["id", 1], ["LIMIT", 1]]
  ↳ app/controllers/cats_controller.rb:9:in `show'
  Rendering cats/show.html.erb within layouts/application
  Rendered cats/show.html.erb within layouts/application (Duration: 16.0ms | Allocations: 3378)
Completed 500 Internal Server Error in 82ms (ActiveRecord: 11.5ms | Allocations: 14173)



TypeError - no implicit conversion of Date into String:
  app/models/cat.rb:7:in `age'
  app/views/cats/show.html.erb:14
  app/controllers/cats_controller.rb:11:in `show'

Started GET "/cats/1" for ::1 at 2019-08-28 18:58:53 -0400
Processing by CatsController#show as */*
  Parameters: {"id"=>"1"}
  [1m[36mCat Load (0.6ms)[0m  [1m[34mSELECT "cats".* FROM "cats" WHERE "cats"."id" = $1 LIMIT $2[0m  [["id", 1], ["LIMIT", 1]]
  ↳ app/controllers/cats_controller.rb:9:in `show'
  Rendering cats/show.html.erb within layouts/application
  Rendered cats/show.html.erb within layouts/application (Duration: 4.6ms | Allocations: 2203)
Completed 500 Internal Server Error in 43ms (ActiveRecord: 11.0ms | Allocations: 9573)



TypeError - no implicit conversion of Date into String:
  app/models/cat.rb:9:in `age'
  app/views/cats/show.html.erb:14
  app/controllers/cats_controller.rb:11:in `show'

Started GET "/cats/1" for ::1 at 2019-08-28 18:59:46 -0400
  [1m[35m (2.2ms)[0m  [1m[34mSELECT "schema_migrations"."version" FROM "schema_migrations" ORDER BY "schema_migrations"."version" ASC[0m
Processing by CatsController#show as */*
  Parameters: {"id"=>"1"}
  [1m[36mCat Load (1.2ms)[0m  [1m[34mSELECT "cats".* FROM "cats" WHERE "cats"."id" = $1 LIMIT $2[0m  [["id", 1], ["LIMIT", 1]]
  ↳ app/controllers/cats_controller.rb:9:in `show'
  Rendering cats/show.html.erb within layouts/application
  Rendered cats/show.html.erb within layouts/application (Duration: 8.1ms | Allocations: 3378)
Completed 500 Internal Server Error in 76ms (ActiveRecord: 12.9ms | Allocations: 14178)



TypeError - no implicit conversion of Date into String:
  app/models/cat.rb:9:in `age'
  app/views/cats/show.html.erb:14
  app/controllers/cats_controller.rb:11:in `show'

Started GET "/cats/1" for ::1 at 2019-08-28 19:01:22 -0400
Processing by CatsController#show as */*
  Parameters: {"id"=>"1"}
  [1m[36mCat Load (0.6ms)[0m  [1m[34mSELECT "cats".* FROM "cats" WHERE "cats"."id" = $1 LIMIT $2[0m  [["id", 1], ["LIMIT", 1]]
  ↳ app/controllers/cats_controller.rb:9:in `show'
  Rendering cats/show.html.erb within layouts/application
  Rendered cats/show.html.erb within layouts/application (Duration: 4.2ms | Allocations: 2203)
Completed 500 Internal Server Error in 43ms (ActiveRecord: 9.4ms | Allocations: 9574)



TypeError - no implicit conversion of Date into String:
  app/models/cat.rb:9:in `age'
  app/views/cats/show.html.erb:14
  app/controllers/cats_controller.rb:11:in `show'

Started GET "/cats/1" for ::1 at 2019-08-28 19:05:44 -0400
Processing by CatsController#show as */*
  Parameters: {"id"=>"1"}
Completed 500 Internal Server Error in 5ms (ActiveRecord: 0.0ms | Allocations: 1459)



TypeError - wrong argument type Class (expected Module):
  app/models/cat.rb:4:in `<class:Cat>'
  app/models/cat.rb:3:in `<top (required)>'
  app/controllers/cats_controller.rb:9:in `show'

Started GET "/cats/1" for ::1 at 2019-08-28 19:13:23 -0400
Processing by CatsController#show as */*
  Parameters: {"id"=>"1"}
  [1m[36mCat Load (2.5ms)[0m  [1m[34mSELECT "cats".* FROM "cats" WHERE "cats"."id" = $1 LIMIT $2[0m  [["id", 1], ["LIMIT", 1]]
  ↳ app/controllers/cats_controller.rb:9:in `show'
  Rendering cats/show.html.erb within layouts/application
  Rendered cats/show.html.erb within layouts/application (Duration: 234.0ms | Allocations: 3207)
Completed 200 OK in 712ms (Views: 661.2ms | ActiveRecord: 18.4ms | Allocations: 296211)


Started GET "/cats/1" for ::1 at 2019-08-28 19:25:49 -0400
Processing by CatsController#show as */*
  Parameters: {"id"=>"1"}
  [1m[36mCat Load (1.6ms)[0m  [1m[34mSELECT "cats".* FROM "cats" WHERE "cats"."id" = $1 LIMIT $2[0m  [["id", 1], ["LIMIT", 1]]
  ↳ app/controllers/cats_controller.rb:9:in `show'
  Rendering cats/show.html.erb within layouts/application
  Rendered cats/show.html.erb within layouts/application (Duration: 2.8ms | Allocations: 371)
Completed 200 OK in 26ms (Views: 15.1ms | ActiveRecord: 2.6ms | Allocations: 4170)


Started GET "/cats/1" for ::1 at 2019-08-28 19:49:11 -0400
Processing by CatsController#show as */*
  Parameters: {"id"=>"1"}
  [1m[36mCat Load (1.1ms)[0m  [1m[34mSELECT "cats".* FROM "cats" WHERE "cats"."id" = $1 LIMIT $2[0m  [["id", 1], ["LIMIT", 1]]
  ↳ app/controllers/cats_controller.rb:9:in `show'
  Rendering cats/show.html.erb within layouts/application
  Rendered cats/show.html.erb within layouts/application (Duration: 2.0ms | Allocations: 364)
Completed 200 OK in 44ms (Views: 13.4ms | ActiveRecord: 1.5ms | Allocations: 10151)


Started GET "/cats/new" for ::1 at 2019-08-28 19:49:15 -0400
Processing by CatsController#new as */*
  Rendering cats/new.html.erb within layouts/application
  Rendered cats/new.html.erb within layouts/application (Duration: 3.0ms | Allocations: 2446)
Completed 500 Internal Server Error in 7ms (ActiveRecord: 0.0ms | Allocations: 3096)



SyntaxError - syntax error, unexpected '<'
...reeze;@output_buffer.append=( <"checked">.html_safe if @cat....
...                              ^
/home/john/Desktop/W9D3/99Cats/ninety_nine_cats/app/views/cats/new.html.erb:6: syntax error, unexpected '.'
...ut_buffer.append=( <"checked">.html_safe if @cat.sex == "M" ...
...                              ^:
  app/views/cats/new.html.erb:6:in `'
  app/controllers/cats_controller.rb:19:in `new'

Started GET "/cats/new" for ::1 at 2019-08-28 19:49:37 -0400
Processing by CatsController#new as */*
  Rendering cats/new.html.erb within layouts/application
  Rendered cats/new.html.erb within layouts/application (Duration: 1.6ms | Allocations: 231)
Completed 200 OK in 19ms (Views: 15.3ms | ActiveRecord: 0.0ms | Allocations: 3296)


Started GET "/cats/new" for ::1 at 2019-08-28 19:50:23 -0400
Processing by CatsController#new as */*
  Rendering cats/new.html.erb within layouts/application
  Rendered cats/new.html.erb within layouts/application (Duration: 0.4ms | Allocations: 55)
Completed 200 OK in 13ms (Views: 11.3ms | ActiveRecord: 0.0ms | Allocations: 2164)


Started GET "/cats/1" for ::1 at 2019-08-28 19:52:29 -0400
Processing by CatsController#show as */*
  Parameters: {"id"=>"1"}
  [1m[36mCat Load (0.7ms)[0m  [1m[34mSELECT "cats".* FROM "cats" WHERE "cats"."id" = $1 LIMIT $2[0m  [["id", 1], ["LIMIT", 1]]
  ↳ app/controllers/cats_controller.rb:9:in `show'
  Rendering cats/show.html.erb within layouts/application
  Rendered cats/show.html.erb within layouts/application (Duration: 1.8ms | Allocations: 356)
Completed 200 OK in 20ms (Views: 12.3ms | ActiveRecord: 0.7ms | Allocations: 3197)


Started GET "/cats/new" for ::1 at 2019-08-28 19:53:19 -0400
Processing by CatsController#new as */*
  Rendering cats/new.html.erb within layouts/application
  Rendered cats/new.html.erb within layouts/application (Duration: 0.5ms | Allocations: 55)
Completed 200 OK in 16ms (Views: 14.3ms | ActiveRecord: 0.0ms | Allocations: 2177)


Started GET "/cats/new" for ::1 at 2019-08-28 19:59:19 -0400
Processing by CatsController#new as */*
  Rendering cats/new.html.erb within layouts/application
  Rendered cats/new.html.erb within layouts/application (Duration: 3.6ms | Allocations: 316)
Completed 200 OK in 48ms (Views: 24.2ms | ActiveRecord: 0.0ms | Allocations: 9253)


Started GET "/cats/new" for ::1 at 2019-08-28 20:00:02 -0400
Processing by CatsController#new as */*
  Rendering cats/new.html.erb within layouts/application
  Rendered cats/new.html.erb within layouts/application (Duration: 1.6ms | Allocations: 312)
Completed 200 OK in 19ms (Views: 17.1ms | ActiveRecord: 0.0ms | Allocations: 3378)


